\BOOKMARK [0][-]{chapter*.1}{ACKNOWLEDGEMENTS}{}% 1
\BOOKMARK [0][-]{chapter*.2}{ABSTRACT}{}% 2
\BOOKMARK [0][-]{chapter*.4}{LIST OF TABLES}{}% 3
\BOOKMARK [0][-]{chapter*.5}{LIST OF FIGURES}{}% 4
\BOOKMARK [0][-]{chapter*.6}{ABBREVIATIONS}{}% 5
\BOOKMARK [0][-]{chapter*.7}{NOTATION}{}% 6
\BOOKMARK [0][-]{chapter.1}{INTRODUCTION}{}% 7
\BOOKMARK [1][-]{section.1.1}{OBJECTIVES}{chapter.1}% 8
\BOOKMARK [1][-]{section.1.2}{METHODOLOGY}{chapter.1}% 9
\BOOKMARK [2][-]{subsection.1.2.1}{Design of the Gantry Mechanism}{section.1.2}% 10
\BOOKMARK [2][-]{subsection.1.2.2}{Decrease the workload on DaQ card partially or completely by leveraging the power of SoC \(Arduino/Raspberry-Pi\)}{section.1.2}% 11
\BOOKMARK [2][-]{subsection.1.2.3}{IoT-ize the System for remote access and control }{section.1.2}% 12
\BOOKMARK [1][-]{section.1.3}{DESIGN OF XYZ-GANTRY SYSTEM}{chapter.1}% 13
\BOOKMARK [2][-]{subsection.1.3.1}{Introduction}{section.1.3}% 14
\BOOKMARK [2][-]{subsection.1.3.2}{Stepper Motor}{section.1.3}% 15
\BOOKMARK [2][-]{subsection.1.3.3}{Fundamentals of Operation}{section.1.3}% 16
\BOOKMARK [2][-]{subsection.1.3.4}{Stepper motor driver circuits}{section.1.3}% 17
\BOOKMARK [2][-]{subsection.1.3.5}{Limit Switches}{section.1.3}% 18
\BOOKMARK [0][-]{chapter.2}{SoC BASED CONTROL}{}% 19
\BOOKMARK [1][-]{section.2.1}{Design of Arduino based Controller}{chapter.2}% 20
\BOOKMARK [2][-]{subsection.2.1.1}{ARDUINO}{section.2.1}% 21
\BOOKMARK [2][-]{subsection.2.1.2}{Bluetooth Module \(HC05\)}{section.2.1}% 22
\BOOKMARK [2][-]{subsection.2.1.3}{Joystick Module}{section.2.1}% 23
\BOOKMARK [1][-]{section.2.2}{Control using Joystick Module}{chapter.2}% 24
\BOOKMARK [1][-]{section.2.3}{Control using HC05}{chapter.2}% 25
\BOOKMARK [0][-]{chapter.3}{RESULTS}{}% 26
\BOOKMARK [1][-]{section.3.1}{Results}{chapter.3}% 27
\BOOKMARK [1][-]{section.3.2}{Conclusion}{chapter.3}% 28
\BOOKMARK [1][-]{section.3.3}{FUTURE WORK}{chapter.3}% 29
\BOOKMARK [0][-]{appendix.A}{APPENDIX}{}% 30
\BOOKMARK [1][-]{section.A.1}{Stepper Motor Code}{appendix.A}% 31
\BOOKMARK [1][-]{section.A.2}{HC05 and Stepper Motor}{appendix.A}% 32
